生成启动时间为 2018/2/6 17:45:07。
     1>项目“D:\project\qtframe\qtframe\qtframe.vcxproj”在节点 2 上(Build 个目标)。
     1>CustomBuild:
         Moc'ing Paint.h...
       ClCompile:
         D:\program\Microsoft Visual Studio 12.0\VC\bin\CL.exe /c /I.\GeneratedFiles /I. /ID:\program\QT5.8\5.8\msvc2013\include /I.\GeneratedFiles\Debug /ID:\program\QT5.8\5.8\msvc2013\include\QtCore /ID:\program\QT5.8\5.8\msvc2013\include\QtGui /ID:\program\QT5.8\5.8\msvc2013\include\QtWidgets /Zi /nologo /W1 /WX- /Od /Oy- /D UNICODE /D WIN32 /D WIN64 /D QT_DLL /D QT_CORE_LIB /D QT_GUI_LIB /D QT_WIDGETS_LIB /Gm- /EHsc /MDd /GS /fp:precise /Zc:wchar_t /Zc:forScope /Fo"Debug\\" /Fd"Debug\vc120.pdb" /Gd /TP /analyze- /errorReport:prompt GeneratedFiles\Debug\moc_Paint.cpp GeneratedFiles\Debug\moc_qtframe.cpp main.cpp Paint.cpp qtframe.cpp
         moc_Paint.cpp
         moc_qtframe.cpp
         main.cpp
         Paint.cpp
         qtframe.cpp
         正在生成代码...
       Link:
         D:\program\Microsoft Visual Studio 12.0\VC\bin\link.exe /ERRORREPORT:PROMPT /OUT:"D:\project\qtframe\Win32\Debug\\qtframe.exe" /NOLOGO /LIBPATH:D:\program\QT5.8\5.8\msvc2013\lib qtmaind.lib Qt5Cored.lib Qt5Guid.lib Qt5Widgetsd.lib kernel32.lib user32.lib gdi32.lib winspool.lib comdlg32.lib advapi32.lib shell32.lib ole32.lib oleaut32.lib uuid.lib odbc32.lib odbccp32.lib /MANIFEST /MANIFESTUAC:"level='asInvoker' uiAccess='false'" /manifest:embed /DEBUG /PDB:"D:\project\qtframe\Win32\Debug\qtframe.pdb" /SUBSYSTEM:WINDOWS /TLBID:1 /DYNAMICBASE /NXCOMPAT /IMPLIB:"D:\project\qtframe\Win32\Debug\qtframe.lib" /MACHINE:X86 /SAFESEH Debug\moc_Paint.obj
         Debug\moc_qtframe.obj
         Debug\qrc_qtframe.obj
         Debug\main.obj
         Debug\Paint.obj
         Debug\qtframe.obj
         qtframe.vcxproj -> D:\project\qtframe\Win32\Debug\qtframe.exe
     1>已完成生成项目“D:\project\qtframe\qtframe\qtframe.vcxproj”(Build 个目标)的操作。

生成成功。

已用时间 00:00:05.33
